<?xml version="1.0" encoding="UTF-8"?>
<testsuite xmlns:xsi="http://www.w3.org/2001/XMLSchema-instance" xsi:noNamespaceSchemaLocation="https://maven.apache.org/surefire/maven-surefire-plugin/xsd/surefire-test-report-3.0.xsd" version="3.0" name="jimmy.productservice.ProductServiceApplicationTests" time="8.5" tests="1" errors="0" skipped="0" failures="0">
  <properties>
[...]
</properties>
  <testcase name="shouldCreateProduct" classname="jimmy.productservice.ProductServiceApplicationTests" time="0.848">
    <system-out><![CDATA[10:55:55.592 [main] INFO org.springframework.test.context.support.AnnotationConfigContextLoaderUtils -- Could not detect default configuration classes for test class [jimmy.productservice.ProductServiceApplicationTests]: ProductServiceApplicationTests does not declare any static, non-private, non-final, nested classes annotated with @Configuration.
10:55:55.652 [main] INFO org.springframework.boot.test.context.SpringBootTestContextBootstrapper -- Found @SpringBootConfiguration jimmy.productservice.ProductServiceApplication for test class jimmy.productservice.ProductServiceApplicationTests
10:55:55.757 [main] INFO org.testcontainers.dockerclient.DockerClientProviderStrategy -- Loaded org.testcontainers.dockerclient.UnixSocketClientProviderStrategy from ~/.testcontainers.properties, will try it first
10:55:56.116 [main] INFO org.testcontainers.dockerclient.DockerClientProviderStrategy -- Found Docker environment with local Unix socket (unix:///var/run/docker.sock)
10:55:56.117 [main] INFO org.testcontainers.DockerClientFactory -- Docker host IP address is localhost
10:55:56.169 [main] INFO org.testcontainers.DockerClientFactory -- Connected to docker: 
  Server Version: 20.10.17
  API Version: 1.41
  Operating System: Docker Desktop
  Total Memory: 7851 MB
10:55:56.170 [main] INFO org.testcontainers.utility.ImageNameSubstitutor -- Image name substitution will be performed by: DefaultImageNameSubstitutor (composite of 'ConfigurationFileImageNameSubstitutor' and 'PrefixingImageNameSubstitutor')
10:55:57.542 [main] INFO org.testcontainers.DockerClientFactory -- Ryuk started - will monitor and terminate Testcontainers containers on JVM exit
10:55:57.543 [main] INFO org.testcontainers.DockerClientFactory -- Checking the system...
10:55:57.543 [main] INFO org.testcontainers.DockerClientFactory -- ✔︎ Docker server version should be at least 1.6.0
10:55:57.654 [main] INFO org.testcontainers.DockerClientFactory -- ✔︎ Docker environment should have more than 2GB free disk space
10:55:57.679 [main] INFO 🐳 [mongo:4.4.2] -- Creating container for image: mongo:4.4.2
10:55:57.853 [main] INFO 🐳 [mongo:4.4.2] -- Container mongo:4.4.2 is starting: 0c707df54e57bb978eab09d7b1ce0b93301002c87ee5ffb1bc801927bb50c801
10:55:59.114 [main] INFO 🐳 [mongo:4.4.2] -- Container mongo:4.4.2 started in PT1.459653S

  .   ____          _            __ _ _
 /\\ / ___'_ __ _ _(_)_ __  __ _ \ \ \ \
( ( )\___ | '_ | '_| | '_ \/ _` | \ \ \ \
 \\/  ___)| |_)| | | | | || (_| |  ) ) ) )
  '  |____| .__|_| |_|_| |_\__, | / / / /
 =========|_|==============|___/=/_/_/_/
 :: Spring Boot ::                (v3.1.2)

2023-08-09T10:56:00.477+01:00  INFO 14250 --- [           main] j.p.ProductServiceApplicationTests       : Starting ProductServiceApplicationTests using Java 17.0.6 with PID 14250 (started by jimmmy in /Users/jimmmy/Desktop/shopping_main/product-service)
2023-08-09T10:56:00.478+01:00  INFO 14250 --- [           main] j.p.ProductServiceApplicationTests       : No active profile set, falling back to 1 default profile: "default"
2023-08-09T10:56:01.066+01:00  INFO 14250 --- [           main] .s.d.r.c.RepositoryConfigurationDelegate : Bootstrapping Spring Data MongoDB repositories in DEFAULT mode.
2023-08-09T10:56:01.122+01:00  INFO 14250 --- [           main] .s.d.r.c.RepositoryConfigurationDelegate : Finished Spring Data repository scanning in 47 ms. Found 1 MongoDB repository interfaces.
2023-08-09T10:56:01.988+01:00  INFO 14250 --- [           main] org.mongodb.driver.client                : MongoClient with metadata {"driver": {"name": "mongo-java-driver|sync|spring-boot", "version": "4.9.1"}, "os": {"type": "Darwin", "name": "Mac OS X", "architecture": "aarch64", "version": "12.5"}, "platform": "Java/Amazon.com Inc./17.0.6+10-LTS"} created with settings MongoClientSettings{readPreference=primary, writeConcern=WriteConcern{w=null, wTimeout=null ms, journal=null}, retryWrites=true, retryReads=true, readConcern=ReadConcern{level=null}, credential=null, streamFactoryFactory=null, commandListeners=[], codecRegistry=ProvidersCodecRegistry{codecProviders=[ValueCodecProvider{}, BsonValueCodecProvider{}, DBRefCodecProvider{}, DBObjectCodecProvider{}, DocumentCodecProvider{}, CollectionCodecProvider{}, IterableCodecProvider{}, MapCodecProvider{}, GeoJsonCodecProvider{}, GridFSFileCodecProvider{}, Jsr310CodecProvider{}, JsonObjectCodecProvider{}, BsonCodecProvider{}, EnumCodecProvider{}, com.mongodb.client.model.mql.ExpressionCodecProvider@6cc64028, com.mongodb.Jep395RecordCodecProvider@291a4791]}, loggerSettings=LoggerSettings{maxDocumentLength=1000}, clusterSettings={hosts=[localhost:53133], srvServiceName=mongodb, mode=SINGLE, requiredClusterType=UNKNOWN, requiredReplicaSetName='null', serverSelector='null', clusterListeners='[]', serverSelectionTimeout='30000 ms', localThreshold='30000 ms'}, socketSettings=SocketSettings{connectTimeoutMS=10000, readTimeoutMS=0, receiveBufferSize=0, sendBufferSize=0}, heartbeatSocketSettings=SocketSettings{connectTimeoutMS=10000, readTimeoutMS=10000, receiveBufferSize=0, sendBufferSize=0}, connectionPoolSettings=ConnectionPoolSettings{maxSize=100, minSize=0, maxWaitTimeMS=120000, maxConnectionLifeTimeMS=0, maxConnectionIdleTimeMS=0, maintenanceInitialDelayMS=0, maintenanceFrequencyMS=60000, connectionPoolListeners=[], maxConnecting=2}, serverSettings=ServerSettings{heartbeatFrequencyMS=10000, minHeartbeatFrequencyMS=500, serverListeners='[]', serverMonitorListeners='[]'}, sslSettings=SslSettings{enabled=false, invalidHostNameAllowed=false, context=null}, applicationName='null', compressorList=[], uuidRepresentation=JAVA_LEGACY, serverApi=null, autoEncryptionSettings=null, contextProvider=null}
2023-08-09T10:56:02.013+01:00  INFO 14250 --- [localhost:53133] org.mongodb.driver.cluster               : Monitor thread successfully connected to server with description ServerDescription{address=localhost:53133, type=REPLICA_SET_PRIMARY, state=CONNECTED, ok=true, minWireVersion=0, maxWireVersion=9, maxDocumentSize=16777216, logicalSessionTimeoutMinutes=30, roundTripTimeNanos=32612250, setName='docker-rs', canonicalAddress=0c707df54e57:27017, hosts=[0c707df54e57:27017], passives=[], arbiters=[], primary='0c707df54e57:27017', tagSet=TagSet{[]}, electionId=7fffffff0000000000000001, setVersion=1, topologyVersion=TopologyVersion{processId=64d362aea315d26f100c6697, counter=6}, lastWriteDate=Wed Aug 09 10:55:59 BST 2023, lastUpdateTimeNanos=551696676251000}
2023-08-09T10:56:02.499+01:00  INFO 14250 --- [           main] o.s.b.t.m.w.SpringBootMockServletContext : Initializing Spring TestDispatcherServlet ''
2023-08-09T10:56:02.499+01:00  INFO 14250 --- [           main] o.s.t.web.servlet.TestDispatcherServlet  : Initializing Servlet ''
2023-08-09T10:56:02.501+01:00  INFO 14250 --- [           main] o.s.t.web.servlet.TestDispatcherServlet  : Completed initialization in 1 ms
2023-08-09T10:56:02.515+01:00  INFO 14250 --- [           main] j.p.ProductServiceApplicationTests       : Started ProductServiceApplicationTests in 2.34 seconds (process running for 7.339)
2023-08-09T10:56:03.324+01:00  INFO 14250 --- [           main] j.productservice.service.ProductService  : Product 64d362b3838a281553fa35cc is saved
]]></system-out>
  </testcase>
</testsuite>